# JRE version: OpenJDK Runtime Environment (8.0_152-b01) (build 1.8.0_152-release-915-b01)
# Java VM: OpenJDK 64-Bit Server VM (25.152-b01 mixed mode windows-amd64 compressed oops)
Heap:
 PSYoungGen      total 425472K, used 59477K [0x00000000e0000000, 0x0000000100000000, 0x0000000100000000)
  eden space 394752K, 11% used [0x00000000e0000000,0x00000000e2d1ba28,0x00000000f8180000)
  from space 30720K, 43% used [0x00000000f8180000,0x00000000f8e79cd8,0x00000000f9f80000)
  to   space 28672K, 0% used [0x00000000fe400000,0x00000000fe400000,0x0000000100000000)
 ParOldGen       total 118784K, used 48322K [0x00000000a0000000, 0x00000000a7400000, 0x00000000e0000000)
  object space 118784K, 40% used [0x00000000a0000000,0x00000000a2f30a48,0x00000000a7400000)
 Metaspace       used 64686K, capacity 68156K, committed 68480K, reserved 1107968K
  class space    used 8650K, capacity 9484K, committed 9600K, reserved 1048576K
GC Heap History (10 events):
Event: 9.991 GC heap before
{Heap before GC invocations=8 (full 2):
 PSYoungGen      total 246784K, used 9106K [0x00000000e0000000, 0x00000000f0380000, 0x0000000100000000)
  eden space 236032K, 0% used [0x00000000e0000000,0x00000000e0000000,0x00000000ee680000)
  from space 10752K, 84% used [0x00000000ef900000,0x00000000f01e48b0,0x00000000f0380000)
  to   space 14848K, 0% used [0x00000000ee680000,0x00000000ee680000,0x00000000ef500000)
 ParOldGen       total 54272K, used 20305K [0x00000000a0000000, 0x00000000a3500000, 0x00000000e0000000)
  object space 54272K, 37% used [0x00000000a0000000,0x00000000a13d4760,0x00000000a3500000)
 Metaspace       used 34556K, capacity 35252K, committed 35416K, reserved 1079296K
  class space    used 4725K, capacity 5038K, committed 5120K, reserved 1048576K
Event: 10.055 GC heap after
Heap after GC invocations=8 (full 2):
 PSYoungGen      total 246784K, used 0K [0x00000000e0000000, 0x00000000f0380000, 0x0000000100000000)
  eden space 236032K, 0% used [0x00000000e0000000,0x00000000e0000000,0x00000000ee680000)
  from space 10752K, 0% used [0x00000000ef900000,0x00000000ef900000,0x00000000f0380000)
  to   space 14848K, 0% used [0x00000000ee680000,0x00000000ee680000,0x00000000ef500000)
 ParOldGen       total 70144K, used 16408K [0x00000000a0000000, 0x00000000a4480000, 0x00000000e0000000)
  object space 70144K, 23% used [0x00000000a0000000,0x00000000a10060d0,0x00000000a4480000)
 Metaspace       used 34556K, capacity 35252K, committed 35416K, reserved 1079296K
  class space    used 4725K, capacity 5038K, committed 5120K, reserved 1048576K
}
Event: 12.769 GC heap before
{Heap before GC invocations=9 (full 2):
 PSYoungGen      total 246784K, used 236032K [0x00000000e0000000, 0x00000000f0380000, 0x0000000100000000)
  eden space 236032K, 100% used [0x00000000e0000000,0x00000000ee680000,0x00000000ee680000)
  from space 10752K, 0% used [0x00000000ef900000,0x00000000ef900000,0x00000000f0380000)
  to   space 14848K, 0% used [0x00000000ee680000,0x00000000ee680000,0x00000000ef500000)
 ParOldGen       total 70144K, used 16408K [0x00000000a0000000, 0x00000000a4480000, 0x00000000e0000000)
  object space 70144K, 23% used [0x00000000a0000000,0x00000000a10060d0,0x00000000a4480000)
 Metaspace       used 51289K, capacity 52884K, committed 52992K, reserved 1095680K
  class space    used 6945K, capacity 7390K, committed 7424K, reserved 1048576K
Event: 12.790 GC heap after
Heap after GC invocations=9 (full 2):
 PSYoungGen      total 250880K, used 14843K [0x00000000e0000000, 0x00000000fb400000, 0x0000000100000000)
  eden space 236032K, 0% used [0x00000000e0000000,0x00000000e0000000,0x00000000ee680000)
  from space 14848K, 99% used [0x00000000ee680000,0x00000000ef4fec80,0x00000000ef500000)
  to   space 20992K, 0% used [0x00000000f9f80000,0x00000000f9f80000,0x00000000fb400000)
 ParOldGen       total 70144K, used 23649K [0x00000000a0000000, 0x00000000a4480000, 0x00000000e0000000)
  object space 70144K, 33% used [0x00000000a0000000,0x00000000a17186f8,0x00000000a4480000)
 Metaspace       used 51289K, capacity 52884K, committed 52992K, reserved 1095680K
  class space    used 6945K, capacity 7390K, committed 7424K, reserved 1048576K
}
Event: 15.757 GC heap before
{Heap before GC invocations=10 (full 2):
 PSYoungGen      total 250880K, used 222232K [0x00000000e0000000, 0x00000000fb400000, 0x0000000100000000)
  eden space 236032K, 87% used [0x00000000e0000000,0x00000000eca87380,0x00000000ee680000)
  from space 14848K, 99% used [0x00000000ee680000,0x00000000ef4fec80,0x00000000ef500000)
  to   space 20992K, 0% used [0x00000000f9f80000,0x00000000f9f80000,0x00000000fb400000)
 ParOldGen       total 70144K, used 23649K [0x00000000a0000000, 0x00000000a4480000, 0x00000000e0000000)
  object space 70144K, 33% used [0x00000000a0000000,0x00000000a17186f8,0x00000000a4480000)
 Metaspace       used 56531K, capacity 58968K, committed 59008K, reserved 1099776K
  class space    used 7733K, capacity 8306K, committed 8320K, reserved 1048576K
Event: 15.793 GC heap after
Heap after GC invocations=10 (full 2):
 PSYoungGen      total 415744K, used 20966K [0x00000000e0000000, 0x00000000fbf80000, 0x0000000100000000)
  eden space 394752K, 0% used [0x00000000e0000000,0x00000000e0000000,0x00000000f8180000)
  from space 20992K, 99% used [0x00000000f9f80000,0x00000000fb3f9bf8,0x00000000fb400000)
  to   space 30720K, 0% used [0x00000000f8180000,0x00000000f8180000,0x00000000f9f80000)
 ParOldGen       total 70144K, used 37955K [0x00000000a0000000, 0x00000000a4480000, 0x00000000e0000000)
  object space 70144K, 54% used [0x00000000a0000000,0x00000000a2510d50,0x00000000a4480000)
 Metaspace       used 56531K, capacity 58968K, committed 59008K, reserved 1099776K
  class space    used 7733K, capacity 8306K, committed 8320K, reserved 1048576K
}
Event: 15.793 GC heap before
{Heap before GC invocations=11 (full 3):
 PSYoungGen      total 415744K, used 20966K [0x00000000e0000000, 0x00000000fbf80000, 0x0000000100000000)
  eden space 394752K, 0% used [0x00000000e0000000,0x00000000e0000000,0x00000000f8180000)
  from space 20992K, 99% used [0x00000000f9f80000,0x00000000fb3f9bf8,0x00000000fb400000)
  to   space 30720K, 0% used [0x00000000f8180000,0x00000000f8180000,0x00000000f9f80000)
 ParOldGen       total 70144K, used 37955K [0x00000000a0000000, 0x00000000a4480000, 0x00000000e0000000)
  object space 70144K, 54% used [0x00000000a0000000,0x00000000a2510d50,0x00000000a4480000)
 Metaspace       used 56531K, capacity 58968K, committed 59008K, reserved 1099776K
  class space    used 7733K, capacity 8306K, committed 8320K, reserved 1048576K
Event: 15.986 GC heap after
Heap after GC invocations=11 (full 3):
 PSYoungGen      total 415744K, used 0K [0x00000000e0000000, 0x00000000fbf80000, 0x0000000100000000)
  eden space 394752K, 0% used [0x00000000e0000000,0x00000000e0000000,0x00000000f8180000)
  from space 20992K, 0% used [0x00000000f9f80000,0x00000000f9f80000,0x00000000fb400000)
  to   space 30720K, 0% used [0x00000000f8180000,0x00000000f8180000,0x00000000f9f80000)
 ParOldGen       total 118784K, used 48314K [0x00000000a0000000, 0x00000000a7400000, 0x00000000e0000000)
  object space 118784K, 40% used [0x00000000a0000000,0x00000000a2f2ea48,0x00000000a7400000)
 Metaspace       used 56531K, capacity 58968K, committed 59008K, reserved 1099776K
  class space    used 7733K, capacity 8306K, committed 8320K, reserved 1048576K
}
Event: 67.766 GC heap before
{Heap before GC invocations=12 (full 3):
 PSYoungGen      total 415744K, used 394752K [0x00000000e0000000, 0x00000000fbf80000, 0x0000000100000000)
  eden space 394752K, 100% used [0x00000000e0000000,0x00000000f8180000,0x00000000f8180000)
  from space 20992K, 0% used [0x00000000f9f80000,0x00000000f9f80000,0x00000000fb400000)
  to   space 30720K, 0% used [0x00000000f8180000,0x00000000f8180000,0x00000000f9f80000)
 ParOldGen       total 118784K, used 48314K [0x00000000a0000000, 0x00000000a7400000, 0x00000000e0000000)
  object space 118784K, 40% used [0x00000000a0000000,0x00000000a2f2ea48,0x00000000a7400000)
 Metaspace       used 64660K, capacity 68156K, committed 68480K, reserved 1107968K
  class space    used 8650K, capacity 9484K, committed 9600K, reserved 1048576K
Event: 67.785 GC heap after
Heap after GC invocations=12 (full 3):
 PSYoungGen      total 425472K, used 13287K [0x00000000e0000000, 0x0000000100000000, 0x0000000100000000)
  eden space 394752K, 0% used [0x00000000e0000000,0x00000000e0000000,0x00000000f8180000)
  from space 30720K, 43% used [0x00000000f8180000,0x00000000f8e79cd8,0x00000000f9f80000)
  to   space 28672K, 0% used [0x00000000fe400000,0x00000000fe400000,0x0000000100000000)
 ParOldGen       total 118784K, used 48322K [0x00000000a0000000, 0x00000000a7400000, 0x00000000e0000000)
  object space 118784K, 40% used [0x00000000a0000000,0x00000000a2f30a48,0x00000000a7400000)
 Metaspace       used 64660K, capacity 68156K, committed 68480K, reserved 1107968K
  class space    used 8650K, capacity 9484K, committed 9600K, reserved 1048576K
}

