# JRE version: OpenJDK Runtime Environment (8.0_152-b01) (build 1.8.0_152-release-915-b01)
# Java VM: OpenJDK 64-Bit Server VM (25.152-b01 mixed mode windows-amd64 compressed oops)
Heap:
 PSYoungGen      total 498176K, used 143356K [0x00000000e0000000, 0x0000000100000000, 0x0000000100000000)
  eden space 472576K, 24% used [0x00000000e0000000,0x00000000e73031d0,0x00000000fcd80000)
  from space 25600K, 99% used [0x00000000fcd80000,0x00000000fe67be30,0x00000000fe680000)
  to   space 26112K, 0% used [0x00000000fe680000,0x00000000fe680000,0x0000000100000000)
 ParOldGen       total 252416K, used 116871K [0x00000000a0000000, 0x00000000af680000, 0x00000000e0000000)
  object space 252416K, 46% used [0x00000000a0000000,0x00000000a7221fa0,0x00000000af680000)
 Metaspace       used 65339K, capacity 68054K, committed 68184K, reserved 1107968K
  class space    used 8387K, capacity 8994K, committed 9088K, reserved 1048576K
GC Heap History (10 events):
Event: 20.744 GC heap before
{Heap before GC invocations=16 (full 4):
 PSYoungGen      total 434688K, used 9926K [0x00000000e0000000, 0x00000000fc780000, 0x0000000100000000)
  eden space 415232K, 0% used [0x00000000e0000000,0x00000000e0000000,0x00000000f9580000)
  from space 19456K, 51% used [0x00000000fb480000,0x00000000fbe31830,0x00000000fc780000)
  to   space 25600K, 0% used [0x00000000f9580000,0x00000000f9580000,0x00000000fae80000)
 ParOldGen       total 239616K, used 208638K [0x00000000a0000000, 0x00000000aea00000, 0x00000000e0000000)
  object space 239616K, 87% used [0x00000000a0000000,0x00000000acbbfa30,0x00000000aea00000)
 Metaspace       used 59878K, capacity 61916K, committed 62168K, reserved 1103872K
  class space    used 7887K, capacity 8341K, committed 8448K, reserved 1048576K
Event: 20.865 GC heap after
Heap after GC invocations=16 (full 4):
 PSYoungGen      total 434688K, used 0K [0x00000000e0000000, 0x00000000fc780000, 0x0000000100000000)
  eden space 415232K, 0% used [0x00000000e0000000,0x00000000e0000000,0x00000000f9580000)
  from space 19456K, 0% used [0x00000000fb480000,0x00000000fb480000,0x00000000fc780000)
  to   space 25600K, 0% used [0x00000000f9580000,0x00000000f9580000,0x00000000fae80000)
 ParOldGen       total 306176K, used 163065K [0x00000000a0000000, 0x00000000b2b00000, 0x00000000e0000000)
  object space 306176K, 53% used [0x00000000a0000000,0x00000000a9f3e7b8,0x00000000b2b00000)
 Metaspace       used 59878K, capacity 61916K, committed 62168K, reserved 1103872K
  class space    used 7887K, capacity 8341K, committed 8448K, reserved 1048576K
}
Event: 21.307 GC heap before
{Heap before GC invocations=17 (full 4):
 PSYoungGen      total 434688K, used 415080K [0x00000000e0000000, 0x00000000fc780000, 0x0000000100000000)
  eden space 415232K, 99% used [0x00000000e0000000,0x00000000f955a130,0x00000000f9580000)
  from space 19456K, 0% used [0x00000000fb480000,0x00000000fb480000,0x00000000fc780000)
  to   space 25600K, 0% used [0x00000000f9580000,0x00000000f9580000,0x00000000fae80000)
 ParOldGen       total 306176K, used 163065K [0x00000000a0000000, 0x00000000b2b00000, 0x00000000e0000000)
  object space 306176K, 53% used [0x00000000a0000000,0x00000000a9f3e7b8,0x00000000b2b00000)
 Metaspace       used 60084K, capacity 62084K, committed 62424K, reserved 1103872K
  class space    used 7917K, capacity 8349K, committed 8448K, reserved 1048576K
Event: 21.325 GC heap after
Heap after GC invocations=17 (full 4):
 PSYoungGen      total 440832K, used 1102K [0x00000000e0000000, 0x0000000100000000, 0x0000000100000000)
  eden space 415232K, 0% used [0x00000000e0000000,0x00000000e0000000,0x00000000f9580000)
  from space 25600K, 4% used [0x00000000f9580000,0x00000000f9693bb8,0x00000000fae80000)
  to   space 26112K, 0% used [0x00000000fe680000,0x00000000fe680000,0x0000000100000000)
 ParOldGen       total 306176K, used 228609K [0x00000000a0000000, 0x00000000b2b00000, 0x00000000e0000000)
  object space 306176K, 74% used [0x00000000a0000000,0x00000000adf407c8,0x00000000b2b00000)
 Metaspace       used 60084K, capacity 62084K, committed 62424K, reserved 1103872K
  class space    used 7917K, capacity 8349K, committed 8448K, reserved 1048576K
}
Event: 21.325 GC heap before
{Heap before GC invocations=18 (full 5):
 PSYoungGen      total 440832K, used 1102K [0x00000000e0000000, 0x0000000100000000, 0x0000000100000000)
  eden space 415232K, 0% used [0x00000000e0000000,0x00000000e0000000,0x00000000f9580000)
  from space 25600K, 4% used [0x00000000f9580000,0x00000000f9693bb8,0x00000000fae80000)
  to   space 26112K, 0% used [0x00000000fe680000,0x00000000fe680000,0x0000000100000000)
 ParOldGen       total 306176K, used 228609K [0x00000000a0000000, 0x00000000b2b00000, 0x00000000e0000000)
  object space 306176K, 74% used [0x00000000a0000000,0x00000000adf407c8,0x00000000b2b00000)
 Metaspace       used 60084K, capacity 62084K, committed 62424K, reserved 1103872K
  class space    used 7917K, capacity 8349K, committed 8448K, reserved 1048576K
Event: 21.400 GC heap after
Heap after GC invocations=18 (full 5):
 PSYoungGen      total 440832K, used 0K [0x00000000e0000000, 0x0000000100000000, 0x0000000100000000)
  eden space 415232K, 0% used [0x00000000e0000000,0x00000000e0000000,0x00000000f9580000)
  from space 25600K, 0% used [0x00000000f9580000,0x00000000f9580000,0x00000000fae80000)
  to   space 26112K, 0% used [0x00000000fe680000,0x00000000fe680000,0x0000000100000000)
 ParOldGen       total 252416K, used 78666K [0x00000000a0000000, 0x00000000af680000, 0x00000000e0000000)
  object space 252416K, 31% used [0x00000000a0000000,0x00000000a4cd2948,0x00000000af680000)
 Metaspace       used 60084K, capacity 62084K, committed 62424K, reserved 1103872K
  class space    used 7917K, capacity 8349K, committed 8448K, reserved 1048576K
}
Event: 55.960 GC heap before
{Heap before GC invocations=19 (full 5):
 PSYoungGen      total 440832K, used 415232K [0x00000000e0000000, 0x0000000100000000, 0x0000000100000000)
  eden space 415232K, 100% used [0x00000000e0000000,0x00000000f9580000,0x00000000f9580000)
  from space 25600K, 0% used [0x00000000f9580000,0x00000000f9580000,0x00000000fae80000)
  to   space 26112K, 0% used [0x00000000fe680000,0x00000000fe680000,0x0000000100000000)
 ParOldGen       total 252416K, used 78666K [0x00000000a0000000, 0x00000000af680000, 0x00000000e0000000)
  object space 252416K, 31% used [0x00000000a0000000,0x00000000a4cd2948,0x00000000af680000)
 Metaspace       used 63933K, capacity 66378K, committed 66520K, reserved 1107968K
  class space    used 8285K, capacity 8860K, committed 8960K, reserved 1048576K
Event: 55.972 GC heap after
Heap after GC invocations=19 (full 5):
 PSYoungGen      total 498176K, used 5714K [0x00000000e0000000, 0x00000000fff80000, 0x0000000100000000)
  eden space 472576K, 0% used [0x00000000e0000000,0x00000000e0000000,0x00000000fcd80000)
  from space 25600K, 22% used [0x00000000fe680000,0x00000000fec148c0,0x00000000fff80000)
  to   space 25600K, 0% used [0x00000000fcd80000,0x00000000fcd80000,0x00000000fe680000)
 ParOldGen       total 252416K, used 78674K [0x00000000a0000000, 0x00000000af680000, 0x00000000e0000000)
  object space 252416K, 31% used [0x00000000a0000000,0x00000000a4cd4948,0x00000000af680000)
 Metaspace       used 63933K, capacity 66378K, committed 66520K, reserved 1107968K
  class space    used 8285K, capacity 8860K, committed 8960K, reserved 1048576K
}
Event: 72.093 GC heap before
{Heap before GC invocations=20 (full 5):
 PSYoungGen      total 498176K, used 478290K [0x00000000e0000000, 0x00000000fff80000, 0x0000000100000000)
  eden space 472576K, 100% used [0x00000000e0000000,0x00000000fcd80000,0x00000000fcd80000)
  from space 25600K, 22% used [0x00000000fe680000,0x00000000fec148c0,0x00000000fff80000)
  to   space 25600K, 0% used [0x00000000fcd80000,0x00000000fcd80000,0x00000000fe680000)
 ParOldGen       total 252416K, used 78674K [0x00000000a0000000, 0x00000000af680000, 0x00000000e0000000)
  object space 252416K, 31% used [0x00000000a0000000,0x00000000a4cd4948,0x00000000af680000)
 Metaspace       used 65249K, capacity 67922K, committed 68056K, reserved 1107968K
  class space    used 8377K, capacity 8952K, committed 8960K, reserved 1048576K
Event: 72.152 GC heap after
Heap after GC invocations=20 (full 5):
 PSYoungGen      total 498176K, used 25583K [0x00000000e0000000, 0x0000000100000000, 0x0000000100000000)
  eden space 472576K, 0% used [0x00000000e0000000,0x00000000e0000000,0x00000000fcd80000)
  from space 25600K, 99% used [0x00000000fcd80000,0x00000000fe67be30,0x00000000fe680000)
  to   space 26112K, 0% used [0x00000000fe680000,0x00000000fe680000,0x0000000100000000)
 ParOldGen       total 252416K, used 116871K [0x00000000a0000000, 0x00000000af680000, 0x00000000e0000000)
  object space 252416K, 46% used [0x00000000a0000000,0x00000000a7221fa0,0x00000000af680000)
 Metaspace       used 65249K, capacity 67922K, committed 68056K, reserved 1107968K
  class space    used 8377K, capacity 8952K, committed 8960K, reserved 1048576K
}

